{
  "RSpec": {
    "coverage": {
      "/Users/scottcrawford/Turing/module4/final_assessment/task_manager/spec/controllers/archive_task_list_controller_spec.rb": [
        1,
        null,
        1,
        null,
        null
      ],
      "/Users/scottcrawford/Turing/module4/final_assessment/task_manager/spec/rails_helper.rb": [
        null,
        1,
        1,
        1,
        1,
        null,
        null,
        null,
        null,
        null,
        null,
        null,
        null,
        null,
        null,
        null,
        null,
        null,
        null,
        null,
        null,
        null,
        null,
        null,
        1,
        null,
        1,
        null,
        1,
        null,
        null,
        null,
        null,
        1,
        null,
        null,
        null,
        null,
        null,
        null,
        null,
        null,
        null,
        null,
        null,
        null,
        null,
        null,
        1,
        null
      ],
      "/Users/scottcrawford/Turing/module4/final_assessment/task_manager/config/environment.rb": [
        null,
        1,
        null,
        null,
        1
      ],
      "/Users/scottcrawford/Turing/module4/final_assessment/task_manager/config/application.rb": [
        1,
        null,
        1,
        null,
        1,
        1,
        1,
        1,
        1,
        1,
        1,
        null,
        null,
        null,
        null,
        1,
        null,
        1,
        1,
        null,
        null,
        null,
        null,
        null,
        null,
        null,
        null,
        null,
        null,
        null,
        null,
        null,
        1,
        null,
        null
      ],
      "/Users/scottcrawford/Turing/module4/final_assessment/task_manager/config/boot.rb": [
        1,
        null,
        1
      ],
      "/Users/scottcrawford/Turing/module4/final_assessment/task_manager/config/environments/test.rb": [
        1,
        null,
        null,
        null,
        null,
        null,
        null,
        1,
        null,
        null,
        null,
        null,
        1,
        null,
        null,
        1,
        1,
        null,
        null,
        1,
        1,
        null,
        null,
        1,
        null,
        null,
        1,
        null,
        null,
        null,
        null,
        1,
        null,
        null,
        1,
        null,
        null,
        1,
        null,
        null,
        null,
        null
      ],
      "/Users/scottcrawford/Turing/module4/final_assessment/task_manager/config/initializers/assets.rb": [
        null,
        null,
        null,
        1,
        null,
        null,
        null,
        null,
        null,
        null,
        null
      ],
      "/Users/scottcrawford/Turing/module4/final_assessment/task_manager/config/initializers/backtrace_silencers.rb": [
        null,
        null,
        null,
        null,
        null,
        null,
        null
      ],
      "/Users/scottcrawford/Turing/module4/final_assessment/task_manager/config/initializers/cookies_serializer.rb": [
        null,
        null,
        1
      ],
      "/Users/scottcrawford/Turing/module4/final_assessment/task_manager/config/initializers/filter_parameter_logging.rb": [
        null,
        null,
        null,
        1
      ],
      "/Users/scottcrawford/Turing/module4/final_assessment/task_manager/config/initializers/inflections.rb": [
        null,
        null,
        null,
        null,
        null,
        null,
        null,
        null,
        null,
        null,
        null,
        null,
        null,
        null,
        null,
        null
      ],
      "/Users/scottcrawford/Turing/module4/final_assessment/task_manager/config/initializers/mime_types.rb": [
        null,
        null,
        null,
        null
      ],
      "/Users/scottcrawford/Turing/module4/final_assessment/task_manager/config/initializers/session_store.rb": [
        null,
        null,
        1
      ],
      "/Users/scottcrawford/Turing/module4/final_assessment/task_manager/config/initializers/wrap_parameters.rb": [
        null,
        null,
        null,
        null,
        null,
        null,
        1,
        1,
        null,
        null,
        null,
        null,
        null,
        null
      ],
      "/Users/scottcrawford/Turing/module4/final_assessment/task_manager/config/routes.rb": [
        1,
        1,
        1,
        1,
        null,
        1,
        1,
        1,
        null
      ],
      "/Users/scottcrawford/Turing/module4/final_assessment/task_manager/app/helpers/application_helper.rb": [
        1,
        null
      ],
      "/Users/scottcrawford/Turing/module4/final_assessment/task_manager/app/helpers/archive_task_list_helper.rb": [
        1,
        null
      ],
      "/Users/scottcrawford/Turing/module4/final_assessment/task_manager/app/helpers/delete_task_helper.rb": [
        1,
        null
      ],
      "/Users/scottcrawford/Turing/module4/final_assessment/task_manager/app/helpers/task_list_helper.rb": [
        1,
        null
      ],
      "/Users/scottcrawford/Turing/module4/final_assessment/task_manager/app/helpers/tasks_helper.rb": [
        1,
        null
      ],
      "/Users/scottcrawford/Turing/module4/final_assessment/task_manager/app/controllers/archive_task_list_controller.rb": [
        1,
        1,
        0,
        null,
        null,
        1,
        0,
        0,
        0,
        null,
        null,
        1,
        0,
        0,
        0,
        0,
        null,
        null
      ],
      "/Users/scottcrawford/Turing/module4/final_assessment/task_manager/app/controllers/application_controller.rb": [
        1,
        null,
        null,
        1,
        null
      ],
      "/Users/scottcrawford/Turing/module4/final_assessment/task_manager/spec/controllers/delete_task_controller_spec.rb": [
        1,
        null,
        1,
        null,
        null
      ],
      "/Users/scottcrawford/Turing/module4/final_assessment/task_manager/app/controllers/delete_task_controller.rb": [
        1,
        1,
        0,
        0,
        0,
        null,
        null
      ],
      "/Users/scottcrawford/Turing/module4/final_assessment/task_manager/spec/controllers/task_list_controller_spec.rb": [
        1,
        null,
        1,
        null,
        null
      ],
      "/Users/scottcrawford/Turing/module4/final_assessment/task_manager/app/controllers/task_list_controller.rb": [
        1,
        1,
        3,
        3,
        null,
        null,
        1,
        null,
        null,
        1,
        0,
        null,
        null,
        1,
        0,
        0,
        0,
        null,
        null,
        1,
        2,
        2,
        null,
        null,
        1,
        null,
        1,
        2,
        null,
        null
      ],
      "/Users/scottcrawford/Turing/module4/final_assessment/task_manager/spec/controllers/tasks_controller_spec.rb": [
        1,
        null,
        1,
        null,
        null
      ],
      "/Users/scottcrawford/Turing/module4/final_assessment/task_manager/app/controllers/tasks_controller.rb": [
        1,
        1,
        6,
        null,
        null,
        1,
        1,
        null,
        null,
        1,
        0,
        0,
        null,
        null,
        1,
        1,
        1,
        1,
        1,
        null,
        null,
        1,
        0,
        0,
        0,
        null,
        null,
        1,
        null,
        1,
        1,
        null,
        null
      ],
      "/Users/scottcrawford/Turing/module4/final_assessment/task_manager/spec/models/task_list_spec.rb": [
        1,
        null,
        1,
        1,
        1,
        1,
        1,
        null,
        null,
        1,
        1,
        1,
        null,
        null,
        1,
        1,
        1,
        1,
        1,
        null,
        null,
        null
      ],
      "/Users/scottcrawford/Turing/module4/final_assessment/task_manager/app/models/task_list.rb": [
        1,
        1,
        1,
        null
      ],
      "/Users/scottcrawford/Turing/module4/final_assessment/task_manager/spec/models/task_spec.rb": [
        1,
        null,
        1,
        1,
        1,
        5,
        null,
        null,
        null,
        null,
        1,
        1,
        null,
        null,
        1,
        1,
        null,
        null,
        1,
        1,
        1,
        1,
        null,
        null,
        1,
        1,
        null,
        null,
        1,
        1,
        1,
        1,
        null,
        null,
        null
      ],
      "/Users/scottcrawford/Turing/module4/final_assessment/task_manager/app/models/task.rb": [
        1,
        1,
        1,
        null,
        1,
        3,
        null,
        null
      ],
      "/Users/scottcrawford/Turing/module4/final_assessment/task_manager/spec/models/user_spec.rb": [
        1,
        null,
        1,
        1,
        1,
        1,
        1,
        null,
        null,
        null,
        null
      ],
      "/Users/scottcrawford/Turing/module4/final_assessment/task_manager/app/models/user.rb": [
        1,
        null
      ],
      "/Users/scottcrawford/Turing/module4/final_assessment/task_manager/spec/requests/guest_users_spec.rb": [
        1,
        null,
        1,
        1,
        1,
        1,
        1,
        null,
        null,
        1,
        1,
        1,
        null,
        null,
        null,
        1,
        1,
        1,
        1,
        1,
        null,
        1,
        1,
        1,
        1,
        null,
        null,
        null,
        1,
        1,
        1,
        1,
        1,
        1,
        null,
        1,
        1,
        1,
        1,
        1,
        1,
        1,
        1,
        1,
        null,
        null,
        1,
        1,
        1,
        null,
        null,
        null,
        1,
        1,
        1,
        null,
        null,
        1,
        1,
        null,
        1,
        null,
        null,
        null
      ]
    },
    "timestamp": 1430871952
  }
}
